Using pre-set license
Built from '2020.3/staging' branch; Version is '2020.3.22f1 (e1a7f79fd887) revision 14788599'; Using compiler version '192528614'; Build Type 'Release'
OS: 'Windows 10 Home; OS build 22000.318; Version 2009; 64bit' Language: 'es' Physical Memory: 16150 MB
BatchMode: 1, IsHumanControllingUs: 0, StartBugReporterOnCrash: 0, Is64bit: 1, IsPro: 0

COMMAND LINE ARGUMENTS:
C:\Program Files\Unity\Hub\Editor\2020.3.22f1\Editor\Unity.exe
-adb2
-batchMode
-noUpm
-name
AssetImportWorker0
-projectPath
C:/Uni/VJ1202 - INFO BÁSICA/VJ1202_LAB_SESSION10/Ruby
-logFile
Logs/AssetImportWorker0.log
-srvPort
56209
Successfully changed project path to: C:/Uni/VJ1202 - INFO BÁSICA/VJ1202_LAB_SESSION10/Ruby
C:/Uni/VJ1202 - INFO BÁSICA/VJ1202_LAB_SESSION10/Ruby
Using Asset Import Pipeline V2.
Refreshing native plugins compatible for Editor in 44.94 ms, found 3 plugins.
Preloading 0 native plugins for Editor in 0.00 ms.
Initialize engine version: 2020.3.22f1 (e1a7f79fd887)
[Subsystems] Discovering subsystems at path C:/Program Files/Unity/Hub/Editor/2020.3.22f1/Editor/Data/Resources/UnitySubsystems
[Subsystems] Discovering subsystems at path C:/Uni/VJ1202 - INFO BÁSICA/VJ1202_LAB_SESSION10/Ruby/Assets
GfxDevice: creating device client; threaded=0
Direct3D:
    Version:  Direct3D 11.0 [level 11.1]
    Renderer: NVIDIA GeForce RTX 2060 (ID=0x1f15)
    Vendor:   
    VRAM:     5980 MB
    Driver:   27.21.14.6280
Initialize mono
Mono path[0] = 'C:/Program Files/Unity/Hub/Editor/2020.3.22f1/Editor/Data/Managed'
Mono path[1] = 'C:/Program Files/Unity/Hub/Editor/2020.3.22f1/Editor/Data/MonoBleedingEdge/lib/mono/unityjit'
Mono config path = 'C:/Program Files/Unity/Hub/Editor/2020.3.22f1/Editor/Data/MonoBleedingEdge/etc'
Using monoOptions --debugger-agent=transport=dt_socket,embedding=1,server=y,suspend=n,address=127.0.0.1:56544
Begin MonoManager ReloadAssembly
Registering precompiled unity dll's ...
Register platform support module: C:/Program Files/Unity/Hub/Editor/2020.3.22f1/Editor/Data/PlaybackEngines/WindowsStandaloneSupport/UnityEditor.WindowsStandalone.Extensions.dll
Registered in 0.001374 seconds.
Native extension for WindowsStandalone target not found
Refreshing native plugins compatible for Editor in 52.34 ms, found 3 plugins.
Preloading 0 native plugins for Editor in 0.00 ms.
Mono: successfully reloaded assembly
- Completed reload, in  1.028 seconds
Domain Reload Profiling:
	ReloadAssembly (1028ms)
		BeginReloadAssembly (57ms)
			ExecutionOrderSort (0ms)
			DisableScriptedObjects (0ms)
			BackupInstance (0ms)
			ReleaseScriptingObjects (0ms)
			CreateAndSetChildDomain (1ms)
		EndReloadAssembly (473ms)
			LoadAssemblies (55ms)
			RebuildTransferFunctionScriptingTraits (0ms)
			SetupTypeCache (163ms)
			ReleaseScriptCaches (0ms)
			RebuildScriptCaches (31ms)
			SetupLoadedEditorAssemblies (183ms)
				LogAssemblyErrors (0ms)
				InitializePlatformSupportModulesInManaged (3ms)
				SetLoadedEditorAssemblies (0ms)
				RefreshPlugins (52ms)
				BeforeProcessingInitializeOnLoad (8ms)
				ProcessInitializeOnLoadAttributes (86ms)
				ProcessInitializeOnLoadMethodAttributes (33ms)
				AfterProcessingInitializeOnLoad (0ms)
				EditorAssembliesLoaded (0ms)
			ExecutionOrderSort2 (0ms)
			AwakeInstancesAfterBackupRestoration (0ms)
Platform modules already initialized, skipping
Registering precompiled user dll's ...
Registered in 0.003955 seconds.
Begin MonoManager ReloadAssembly
Native extension for WindowsStandalone target not found
Refreshing native plugins compatible for Editor in 47.33 ms, found 3 plugins.
Preloading 0 native plugins for Editor in 0.00 ms.
Mono: successfully reloaded assembly
- Completed reload, in  1.115 seconds
Domain Reload Profiling:
	ReloadAssembly (1116ms)
		BeginReloadAssembly (143ms)
			ExecutionOrderSort (0ms)
			DisableScriptedObjects (5ms)
			BackupInstance (0ms)
			ReleaseScriptingObjects (0ms)
			CreateAndSetChildDomain (20ms)
		EndReloadAssembly (914ms)
			LoadAssemblies (87ms)
			RebuildTransferFunctionScriptingTraits (0ms)
			SetupTypeCache (306ms)
			ReleaseScriptCaches (0ms)
			RebuildScriptCaches (50ms)
			SetupLoadedEditorAssemblies (343ms)
				LogAssemblyErrors (0ms)
				InitializePlatformSupportModulesInManaged (4ms)
				SetLoadedEditorAssemblies (0ms)
				RefreshPlugins (47ms)
				BeforeProcessingInitializeOnLoad (61ms)
				ProcessInitializeOnLoadAttributes (202ms)
				ProcessInitializeOnLoadMethodAttributes (21ms)
				AfterProcessingInitializeOnLoad (6ms)
				EditorAssembliesLoaded (0ms)
			ExecutionOrderSort2 (0ms)
			AwakeInstancesAfterBackupRestoration (6ms)
Platform modules already initialized, skipping
========================================================================
Worker process is ready to serve import requests
Launched and connected shader compiler UnityShaderCompiler.exe after 0.03 seconds
Refreshing native plugins compatible for Editor in 0.64 ms, found 3 plugins.
Preloading 0 native plugins for Editor in 0.00 ms.
Unloading 2182 Unused Serialized files (Serialized files now loaded: 0)
System memory in use before: 95.4 MB.
System memory in use after: 95.5 MB.

Unloading 29 unused Assets to reduce memory usage. Loaded Objects now: 2620.
Total: 3.307800 ms (FindLiveObjects: 0.188600 ms CreateObjectMapping: 0.077400 ms MarkObjects: 2.963700 ms  DeleteObjects: 0.076800 ms)

AssetImportParameters requested are different than current active one (requested -> active):
  custom:framework-win-MediaFoundation: 216162199b28c13a410421893ffa2e32 -> 
  custom:video-decoder-ogg-theora: a1e56fd34408186e4bbccfd4996cb3dc -> 
  custom:container-muxer-webm: aa71ff27fc2769a1b78a27578f13a17b -> 
  custom:container-demuxer-webm: 4f35f7cbe854078d1ac9338744f61a02 -> 
  custom:container-demuxer-ogg: 62fdf1f143b41e24485cea50d1cbac27 -> 
  custom:video-encoder-webm-vp8: eb34c28f22e8b96e1ab97ce403110664 -> 
  custom:video-codec-MediaFoundation-h265: 746d11721c4dcdbdad8f713fa42b33f4 -> 
  custom:video-decoder-webm-vp8: 9c59270c3fd7afecdb556c50c9e8de78 -> 
  custom:audio-decoder-ogg-vorbis: bf7c407c2cedff20999df2af8eb42d56 -> 
  custom:audio-encoder-webm-vorbis: bf7c407c2cedff20999df2af8eb42d56 -> 
========================================================================
Received Import Request.
  path: Assets/Art/Sprites/Tiles/Tile.prefab
  artifactKey: Guid(9111111fd0a84944aafeaa98bdecb2ac) Importer(815301076,1909f56bfc062723c751e8b465ee728b)
Start importing Assets/Art/Sprites/Tiles/Tile.prefab using Guid(9111111fd0a84944aafeaa98bdecb2ac) Importer(815301076,1909f56bfc062723c751e8b465ee728b)  -> (artifact id: '0835fd1d1046f4ab3d9ee2ae3aad3cf5') in 0.082562 seconds 
  Import took 0.086277 seconds .

========================================================================
Received Import Request.
  Time since last request: 3.306152 seconds.
  path: Assets/Art/Sprites/Tiles/FirstTile.prefab
  artifactKey: Guid(9111111fd0a84944aafeaa98bdecb2ac) Importer(815301076,1909f56bfc062723c751e8b465ee728b)
Start importing Assets/Art/Sprites/Tiles/FirstTile.prefab using Guid(9111111fd0a84944aafeaa98bdecb2ac) Importer(815301076,1909f56bfc062723c751e8b465ee728b)  -> (artifact id: '43ad9f8b7b1e3cbb0903a663c38e068e') in 0.009095 seconds 
  Import took 0.012479 seconds .

========================================================================
Received Import Request.
  Time since last request: 34.675175 seconds.
  path: Assets/Art/Sprites/Tiles/tile.png
  artifactKey: Guid(776e05fbf4557274baafe2687c8cc756) Importer(815301076,1909f56bfc062723c751e8b465ee728b)
Start importing Assets/Art/Sprites/Tiles/tile.png using Guid(776e05fbf4557274baafe2687c8cc756) Importer(815301076,1909f56bfc062723c751e8b465ee728b)  -> (artifact id: '2241f15aac00c73502026f38481bcf5c') in 0.016446 seconds 
  Import took 0.019515 seconds .

========================================================================
Received Import Request.
  Time since last request: 4.650973 seconds.
  path: Assets/Art/Sprites/Tiles/tile.png
  artifactKey: Guid(776e05fbf4557274baafe2687c8cc756) Importer(815301076,1909f56bfc062723c751e8b465ee728b)
Start importing Assets/Art/Sprites/Tiles/tile.png using Guid(776e05fbf4557274baafe2687c8cc756) Importer(815301076,1909f56bfc062723c751e8b465ee728b)  -> (artifact id: '094d5f36b8fb9e96b14afba4a8aaced3') in 0.017961 seconds 
  Import took 0.021760 seconds .

========================================================================
Received Import Request.
  Time since last request: 96.775247 seconds.
  path: Assets/Art/Sprites/Tiles/Tile.prefab
  artifactKey: Guid(512510701e8c1304c89dc4c489625121) Importer(815301076,1909f56bfc062723c751e8b465ee728b)
Start importing Assets/Art/Sprites/Tiles/Tile.prefab using Guid(512510701e8c1304c89dc4c489625121) Importer(815301076,1909f56bfc062723c751e8b465ee728b)  -> (artifact id: 'a8a098b01dfe658da1e0a1f1535ae9f1') in 0.011650 seconds 
  Import took 0.014639 seconds .

========================================================================
Received Import Request.
  Time since last request: 5.587813 seconds.
  path: Assets/Art/Sprites/Environmnent
  artifactKey: Guid(28623518bdb8e8143808c62674fcffc3) Importer(815301076,1909f56bfc062723c751e8b465ee728b)
Start importing Assets/Art/Sprites/Environmnent using Guid(28623518bdb8e8143808c62674fcffc3) Importer(815301076,1909f56bfc062723c751e8b465ee728b)  -> (artifact id: 'bd6d258a9ef6e588c3d6c49afbe154e2') in 0.003014 seconds 
  Import took 0.005983 seconds .

========================================================================
Received Import Request.
  Time since last request: 72.040271 seconds.
  path: Assets/Art/Sprites/Tiles/tile.asset
  artifactKey: Guid(4f1628c6cd4258046a3fdaa35146c91b) Importer(815301076,1909f56bfc062723c751e8b465ee728b)
Start importing Assets/Art/Sprites/Tiles/tile.asset using Guid(4f1628c6cd4258046a3fdaa35146c91b) Importer(815301076,1909f56bfc062723c751e8b465ee728b)  -> (artifact id: '348dcd9373dac567e5a96c2667a13e11') in 0.020789 seconds 
  Import took 0.024800 seconds .

========================================================================
Received Import Request.
  Time since last request: 330.810625 seconds.
  path: Assets/Art/Sprites/Tiles/tile.png
  artifactKey: Guid(776e05fbf4557274baafe2687c8cc756) Importer(815301076,1909f56bfc062723c751e8b465ee728b)
Start importing Assets/Art/Sprites/Tiles/tile.png using Guid(776e05fbf4557274baafe2687c8cc756) Importer(815301076,1909f56bfc062723c751e8b465ee728b)  -> (artifact id: '456bdcfb3c79792ed318a1aa2ea2f61a') in 0.011630 seconds 
  Import took 0.014963 seconds .

========================================================================
Received Import Request.
  Time since last request: 55.053850 seconds.
  path: Assets/Art/Sprites/Tiles/tile.png
  artifactKey: Guid(776e05fbf4557274baafe2687c8cc756) Importer(815301076,1909f56bfc062723c751e8b465ee728b)
Start importing Assets/Art/Sprites/Tiles/tile.png using Guid(776e05fbf4557274baafe2687c8cc756) Importer(815301076,1909f56bfc062723c751e8b465ee728b)  -> (artifact id: '98dafc156d25421ac7ee907949d8b935') in 0.007644 seconds 
  Import took 0.011763 seconds .

========================================================================
Received Import Request.
  Time since last request: 138.663603 seconds.
  path: Assets/Demo
  artifactKey: Guid(3585bb87d30eb48439c7bd3862283f09) Importer(815301076,1909f56bfc062723c751e8b465ee728b)
Start importing Assets/Demo using Guid(3585bb87d30eb48439c7bd3862283f09) Importer(815301076,1909f56bfc062723c751e8b465ee728b)  -> (artifact id: '1d768a862d8c65f7829a215836c14186') in 0.002156 seconds 
  Import took 0.006975 seconds .

========================================================================
Received Import Request.
  Time since last request: 2.906455 seconds.
  path: Assets/Audio
  artifactKey: Guid(e1a45ac844bf956459621c490cd83d95) Importer(815301076,1909f56bfc062723c751e8b465ee728b)
Start importing Assets/Audio using Guid(e1a45ac844bf956459621c490cd83d95) Importer(815301076,1909f56bfc062723c751e8b465ee728b)  -> (artifact id: 'af3cda057cb0bb2c7fcb43fc4a2310ab') in 0.002328 seconds 
  Import took 0.005598 seconds .

========================================================================
Received Import Request.
  Time since last request: 5.245811 seconds.
  path: Assets/Art/Sprites/Characters
  artifactKey: Guid(ff0aa22beee37e947b64088c003dfa20) Importer(815301076,1909f56bfc062723c751e8b465ee728b)
Start importing Assets/Art/Sprites/Characters using Guid(ff0aa22beee37e947b64088c003dfa20) Importer(815301076,1909f56bfc062723c751e8b465ee728b)  -> (artifact id: '0cee3beee5f5c2ae13062d53506489a2') in 0.002287 seconds 
  Import took 0.005507 seconds .

========================================================================
Received Import Request.
  Time since last request: 4.372140 seconds.
  path: Assets/Art/Sprites/Environmnent/Damageable.png
  artifactKey: Guid(0e15259342e82ee4f813807e5b28c0f3) Importer(815301076,1909f56bfc062723c751e8b465ee728b)
Start importing Assets/Art/Sprites/Environmnent/Damageable.png using Guid(0e15259342e82ee4f813807e5b28c0f3) Importer(815301076,1909f56bfc062723c751e8b465ee728b)  -> (artifact id: 'c1d1df4daa1e7d116b1550cf7b5152fd') in 0.012481 seconds 
  Import took 0.015645 seconds .

========================================================================
Received Import Request.
  Time since last request: 0.000185 seconds.
  path: Assets/Art/Sprites/Environmnent/TreeForeground.png
  artifactKey: Guid(e059f0fb3f4af3e47b60d322bf43a7d6) Importer(815301076,1909f56bfc062723c751e8b465ee728b)
Start importing Assets/Art/Sprites/Environmnent/TreeForeground.png using Guid(e059f0fb3f4af3e47b60d322bf43a7d6) Importer(815301076,1909f56bfc062723c751e8b465ee728b)  -> (artifact id: '72101e5ec88874fdbe0ad8eb8309d8ef') in 0.015545 seconds 
  Import took 0.018984 seconds .

========================================================================
Received Import Request.
  Time since last request: 0.000144 seconds.
  path: Assets/Art/Sprites/Environmnent/DrainCover.png
  artifactKey: Guid(186979b672303144e9af33f5940487e6) Importer(815301076,1909f56bfc062723c751e8b465ee728b)
Start importing Assets/Art/Sprites/Environmnent/DrainCover.png using Guid(186979b672303144e9af33f5940487e6) Importer(815301076,1909f56bfc062723c751e8b465ee728b)  -> (artifact id: '6b9d7d2e29df1759ec244ce3d8e76de7') in 0.021944 seconds 
  Import took 0.025141 seconds .

========================================================================
Received Import Request.
  Time since last request: 0.000267 seconds.
  path: Assets/Art/Sprites/Environmnent/FloorBricksToGrassCorner.png
  artifactKey: Guid(2ff4c9799e22f1b4c95766cc11f47530) Importer(815301076,1909f56bfc062723c751e8b465ee728b)
Start importing Assets/Art/Sprites/Environmnent/FloorBricksToGrassCorner.png using Guid(2ff4c9799e22f1b4c95766cc11f47530) Importer(815301076,1909f56bfc062723c751e8b465ee728b)  -> (artifact id: '04dd77349f178fb3b88a3a9cd0464eca') in 0.014170 seconds 
  Import took 0.017373 seconds .

========================================================================
Received Import Request.
  Time since last request: 0.000135 seconds.
  path: Assets/Art/Sprites/Environmnent/TreeBig2.png
  artifactKey: Guid(36d4547ce489e7041990fd8545a07142) Importer(815301076,1909f56bfc062723c751e8b465ee728b)
Start importing Assets/Art/Sprites/Environmnent/TreeBig2.png using Guid(36d4547ce489e7041990fd8545a07142) Importer(815301076,1909f56bfc062723c751e8b465ee728b)  -> (artifact id: 'de9b9dfd7f43ac6c0a74a908b0c197e3') in 0.016982 seconds 
  Import took 0.020073 seconds .

========================================================================
Received Import Request.
  Time since last request: 0.000218 seconds.
  path: Assets/Art/Sprites/Environmnent/TreeLittle.png
  artifactKey: Guid(87d9eec357f7dc14286677f38287ad9e) Importer(815301076,1909f56bfc062723c751e8b465ee728b)
Start importing Assets/Art/Sprites/Environmnent/TreeLittle.png using Guid(87d9eec357f7dc14286677f38287ad9e) Importer(815301076,1909f56bfc062723c751e8b465ee728b)  -> (artifact id: '05417e7078c89c4193255c490630aafd') in 0.015555 seconds 
  Import took 0.018895 seconds .

========================================================================
Received Import Request.
  Time since last request: 0.000172 seconds.
  path: Assets/Art/Sprites/Environmnent/TelegraphPost.png
  artifactKey: Guid(28b3c26f6746b7943aa1168e3c52c292) Importer(815301076,1909f56bfc062723c751e8b465ee728b)
Start importing Assets/Art/Sprites/Environmnent/TelegraphPost.png using Guid(28b3c26f6746b7943aa1168e3c52c292) Importer(815301076,1909f56bfc062723c751e8b465ee728b)  -> (artifact id: '8720f130f4810af1014c71665d2de57d') in 0.021595 seconds 
  Import took 0.024535 seconds .

========================================================================
Received Import Request.
  Time since last request: 0.000141 seconds.
  path: Assets/Art/Sprites/Environmnent/TreeBig1.png
  artifactKey: Guid(f0cd5ad89953643408db63f9a8c50027) Importer(815301076,1909f56bfc062723c751e8b465ee728b)
Start importing Assets/Art/Sprites/Environmnent/TreeBig1.png using Guid(f0cd5ad89953643408db63f9a8c50027) Importer(815301076,1909f56bfc062723c751e8b465ee728b)  -> (artifact id: 'd586d7d9ca00ec67d2c2ea681ffcf5b2') in 0.013907 seconds 
  Import took 0.016778 seconds .

========================================================================
Received Import Request.
  Time since last request: 0.000138 seconds.
  path: Assets/Art/Sprites/Environmnent/FloorGrassToBricksCorner.png
  artifactKey: Guid(df0b6f9e93b65bc4792e6cf7849c5e37) Importer(815301076,1909f56bfc062723c751e8b465ee728b)
Start importing Assets/Art/Sprites/Environmnent/FloorGrassToBricksCorner.png using Guid(df0b6f9e93b65bc4792e6cf7849c5e37) Importer(815301076,1909f56bfc062723c751e8b465ee728b)  -> (artifact id: '89b803f488ad8938cf0bd71b5f361560') in 0.018565 seconds 
  Import took 0.021863 seconds .

========================================================================
Received Import Request.
  Time since last request: 0.000180 seconds.
  path: Assets/Art/Sprites/Environmnent/FloorWaterRoundCorners.png
  artifactKey: Guid(957383e82ad8601499ca4cac1dd1214a) Importer(815301076,1909f56bfc062723c751e8b465ee728b)
Start importing Assets/Art/Sprites/Environmnent/FloorWaterRoundCorners.png using Guid(957383e82ad8601499ca4cac1dd1214a) Importer(815301076,1909f56bfc062723c751e8b465ee728b)  -> (artifact id: '22e250ae8d77806e17e6fdc6d4db500d') in 0.018675 seconds 
  Import took 0.022140 seconds .

========================================================================
Received Import Request.
  Time since last request: 0.000134 seconds.
  path: Assets/Art/Sprites/Environmnent/Mushrooms.png
  artifactKey: Guid(6acbda5bb54c19b4eb60c2674048dac2) Importer(815301076,1909f56bfc062723c751e8b465ee728b)
Start importing Assets/Art/Sprites/Environmnent/Mushrooms.png using Guid(6acbda5bb54c19b4eb60c2674048dac2) Importer(815301076,1909f56bfc062723c751e8b465ee728b)  -> (artifact id: 'df0f3b138143ae41da41ca0597eecb47') in 0.009413 seconds 
  Import took 0.012233 seconds .

========================================================================
Received Import Request.
  Time since last request: 0.000137 seconds.
  path: Assets/Art/Sprites/Environmnent/TreeShadow.png
  artifactKey: Guid(8640aa53d8475c5409471adcb65826a5) Importer(815301076,1909f56bfc062723c751e8b465ee728b)
Start importing Assets/Art/Sprites/Environmnent/TreeShadow.png using Guid(8640aa53d8475c5409471adcb65826a5) Importer(815301076,1909f56bfc062723c751e8b465ee728b)  -> (artifact id: '58a6c90b296a5f62ead5244fa8ca3d37') in 0.010614 seconds 
  Import took 0.014319 seconds .

========================================================================
Received Import Request.
  Time since last request: 0.000156 seconds.
  path: Assets/Art/Sprites/Environmnent/House.png
  artifactKey: Guid(f27ebbf5c345352429b99a3dec7ae33e) Importer(815301076,1909f56bfc062723c751e8b465ee728b)
Start importing Assets/Art/Sprites/Environmnent/House.png using Guid(f27ebbf5c345352429b99a3dec7ae33e) Importer(815301076,1909f56bfc062723c751e8b465ee728b)  -> (artifact id: '99108ed2f6b70f2ce958408d0b6b0501') in 0.019953 seconds 
  Import took 0.023185 seconds .

========================================================================
Received Import Request.
  Time since last request: 0.000151 seconds.
  path: Assets/Art/Sprites/Environmnent/FloorGrassToBricksSquare.png
  artifactKey: Guid(ae39c96545143eb41b1618200a550c81) Importer(815301076,1909f56bfc062723c751e8b465ee728b)
Start importing Assets/Art/Sprites/Environmnent/FloorGrassToBricksSquare.png using Guid(ae39c96545143eb41b1618200a550c81) Importer(815301076,1909f56bfc062723c751e8b465ee728b)  -> (artifact id: '6e33512db00fbf28b852e411d385f560') in 0.014011 seconds 
  Import took 0.017178 seconds .

========================================================================
Received Import Request.
  Time since last request: 0.000230 seconds.
  path: Assets/Art/Sprites/Environmnent/LotusFlower.png
  artifactKey: Guid(010b5c856073f70428956b10534fd3a6) Importer(815301076,1909f56bfc062723c751e8b465ee728b)
Start importing Assets/Art/Sprites/Environmnent/LotusFlower.png using Guid(010b5c856073f70428956b10534fd3a6) Importer(815301076,1909f56bfc062723c751e8b465ee728b)  -> (artifact id: '1dcd3c8082ae802b86077afebdcf8ce5') in 0.011979 seconds 
  Import took 0.015956 seconds .

========================================================================
Received Import Request.
  Time since last request: 0.000181 seconds.
  path: Assets/Art/Sprites/Environmnent/FloorBricksToGrassSquare.png
  artifactKey: Guid(2e6ecdf01ba70e3489b17b3f6525fec2) Importer(815301076,1909f56bfc062723c751e8b465ee728b)
Start importing Assets/Art/Sprites/Environmnent/FloorBricksToGrassSquare.png using Guid(2e6ecdf01ba70e3489b17b3f6525fec2) Importer(815301076,1909f56bfc062723c751e8b465ee728b)  -> (artifact id: '840602568adcc45b34a33f4daa9b8e88') in 0.012245 seconds 
  Import took 0.015770 seconds .

========================================================================
Received Import Request.
  Time since last request: 0.000241 seconds.
  path: Assets/Art/Sprites/Environmnent/FloorWaterSquareCorners.png
  artifactKey: Guid(56dfe645f43c419458abb426118088e5) Importer(815301076,1909f56bfc062723c751e8b465ee728b)
Start importing Assets/Art/Sprites/Environmnent/FloorWaterSquareCorners.png using Guid(56dfe645f43c419458abb426118088e5) Importer(815301076,1909f56bfc062723c751e8b465ee728b)  -> (artifact id: '4703680622ab351e26f5a0c14ec1dcc2') in 0.012651 seconds 
  Import took 0.016307 seconds .

========================================================================
Received Import Request.
  Time since last request: 0.000158 seconds.
  path: Assets/Art/Sprites/Environmnent/MetalCube.png
  artifactKey: Guid(b9244d299d06eea4fa3e8b8b6da46af5) Importer(815301076,1909f56bfc062723c751e8b465ee728b)
Start importing Assets/Art/Sprites/Environmnent/MetalCube.png using Guid(b9244d299d06eea4fa3e8b8b6da46af5) Importer(815301076,1909f56bfc062723c751e8b465ee728b)  -> (artifact id: '4b70ec87978fb9cf3b5a14f77fe74ca3') in 0.012444 seconds 
  Import took 0.015574 seconds .

========================================================================
Received Import Request.
  Time since last request: 0.000155 seconds.
  path: Assets/Art/Sprites/Environmnent/GrassSmall.png
  artifactKey: Guid(8f629954bb45aa74a8bf21f8e6b95975) Importer(815301076,1909f56bfc062723c751e8b465ee728b)
Start importing Assets/Art/Sprites/Environmnent/GrassSmall.png using Guid(8f629954bb45aa74a8bf21f8e6b95975) Importer(815301076,1909f56bfc062723c751e8b465ee728b)  -> (artifact id: '8d59cf4f75db31f3b73972ecccff3725') in 0.012224 seconds 
  Import took 0.016658 seconds .

========================================================================
Received Import Request.
  Time since last request: 0.000286 seconds.
  path: Assets/Art/Sprites/Environmnent/TreeBig3.png
  artifactKey: Guid(1d50d21b43458424aa7759b50224c034) Importer(815301076,1909f56bfc062723c751e8b465ee728b)
Start importing Assets/Art/Sprites/Environmnent/TreeBig3.png using Guid(1d50d21b43458424aa7759b50224c034) Importer(815301076,1909f56bfc062723c751e8b465ee728b)  -> (artifact id: 'c74d776f4fb11abf2abc157d63feb627') in 0.011190 seconds 
  Import took 0.015102 seconds .

========================================================================
Received Import Request.
  Time since last request: 74.553380 seconds.
  path: Assets/Art/Sprites/Environmnent/FloorGrassToBricksSquare.png
  artifactKey: Guid(ae39c96545143eb41b1618200a550c81) Importer(815301076,1909f56bfc062723c751e8b465ee728b)
Start importing Assets/Art/Sprites/Environmnent/FloorGrassToBricksSquare.png using Guid(ae39c96545143eb41b1618200a550c81) Importer(815301076,1909f56bfc062723c751e8b465ee728b)  -> (artifact id: '9fc315d7a60d641bb8664c2f02484783') in 0.008089 seconds 
  Import took 0.011052 seconds .

========================================================================
Received Import Request.
  Time since last request: 3.756448 seconds.
  path: Assets/Art/Sprites/Environmnent/FloorGrassToBricksSquare.png
  artifactKey: Guid(ae39c96545143eb41b1618200a550c81) Importer(815301076,1909f56bfc062723c751e8b465ee728b)
Start importing Assets/Art/Sprites/Environmnent/FloorGrassToBricksSquare.png using Guid(ae39c96545143eb41b1618200a550c81) Importer(815301076,1909f56bfc062723c751e8b465ee728b)  -> (artifact id: '8e2b4c9372dd02e5c08a7fdc681c4d45') in 0.009085 seconds 
  Import took 0.012738 seconds .

========================================================================
Received Import Request.
  Time since last request: 51.246397 seconds.
  path: Assets/Art/Sprites/Environmnent/FloorGrassToBricksSquare.png
  artifactKey: Guid(ae39c96545143eb41b1618200a550c81) Importer(815301076,1909f56bfc062723c751e8b465ee728b)
Start importing Assets/Art/Sprites/Environmnent/FloorGrassToBricksSquare.png using Guid(ae39c96545143eb41b1618200a550c81) Importer(815301076,1909f56bfc062723c751e8b465ee728b)  -> (artifact id: 'af50a6411cd2ddb365da20832dfd6a49') in 0.047635 seconds 
  Import took 0.051192 seconds .

========================================================================
Received Import Request.
  Time since last request: 13.060119 seconds.
  path: Assets/Art/Sprites/Environmnent/FloorGrassToBricksSquare_0.asset
  artifactKey: Guid(c3ea0d08516fab44fbb345772d01e3f6) Importer(815301076,1909f56bfc062723c751e8b465ee728b)
Start importing Assets/Art/Sprites/Environmnent/FloorGrassToBricksSquare_0.asset using Guid(c3ea0d08516fab44fbb345772d01e3f6) Importer(815301076,1909f56bfc062723c751e8b465ee728b)  -> (artifact id: '7cfd11cc87b88676504df5c3345c6fb6') in 0.007065 seconds 
  Import took 0.010159 seconds .

========================================================================
Received Import Request.
  Time since last request: 11.816037 seconds.
  path: Assets/Art/Sprites/Environmnent/FloorGrassToBricksSquare_1.asset
  artifactKey: Guid(68bbdfda2f4eabe47a6315a455507bf2) Importer(815301076,1909f56bfc062723c751e8b465ee728b)
Start importing Assets/Art/Sprites/Environmnent/FloorGrassToBricksSquare_1.asset using Guid(68bbdfda2f4eabe47a6315a455507bf2) Importer(815301076,1909f56bfc062723c751e8b465ee728b)  -> (artifact id: '49cddb96fa86f209e115819b901d5a5d') in 0.010371 seconds 
  Import took 0.013992 seconds .

========================================================================
Received Import Request.
  Time since last request: 3.240828 seconds.
  path: Assets/Art/Sprites/Environmnent/FloorGrassToBricksSquare_2.asset
  artifactKey: Guid(9953ff1d838097448aa5656c76e8dc19) Importer(815301076,1909f56bfc062723c751e8b465ee728b)
Start importing Assets/Art/Sprites/Environmnent/FloorGrassToBricksSquare_2.asset using Guid(9953ff1d838097448aa5656c76e8dc19) Importer(815301076,1909f56bfc062723c751e8b465ee728b)  -> (artifact id: '54cf18cf83aa0227bb29f07742c386d3') in 0.007919 seconds 
  Import took 0.011141 seconds .

========================================================================
Received Import Request.
  Time since last request: 16.158411 seconds.
  path: Assets/Art/Sprites/Environmnent/FloorGrassToBricksSquare.png
  artifactKey: Guid(ae39c96545143eb41b1618200a550c81) Importer(815301076,1909f56bfc062723c751e8b465ee728b)
Start importing Assets/Art/Sprites/Environmnent/FloorGrassToBricksSquare.png using Guid(ae39c96545143eb41b1618200a550c81) Importer(815301076,1909f56bfc062723c751e8b465ee728b)  -> (artifact id: '5d2ee89a7e10c29e93580e2435208ff7') in 0.034684 seconds 
  Import took 0.038580 seconds .

========================================================================
Received Import Request.
  Time since last request: 23.044918 seconds.
  path: Assets/Art/Sprites/Environmnent/FloorBricksToGrassSquare.png
  artifactKey: Guid(2e6ecdf01ba70e3489b17b3f6525fec2) Importer(815301076,1909f56bfc062723c751e8b465ee728b)
Start importing Assets/Art/Sprites/Environmnent/FloorBricksToGrassSquare.png using Guid(2e6ecdf01ba70e3489b17b3f6525fec2) Importer(815301076,1909f56bfc062723c751e8b465ee728b)  -> (artifact id: '6cb5471f268be466882e3d7d5af9eb78') in 0.013104 seconds 
  Import took 0.016393 seconds .

========================================================================
Received Import Request.
  Time since last request: 12.317235 seconds.
  path: Assets/Art/Sprites/Environmnent/FloorBricksToGrassSquare.png
  artifactKey: Guid(2e6ecdf01ba70e3489b17b3f6525fec2) Importer(815301076,1909f56bfc062723c751e8b465ee728b)
Start importing Assets/Art/Sprites/Environmnent/FloorBricksToGrassSquare.png using Guid(2e6ecdf01ba70e3489b17b3f6525fec2) Importer(815301076,1909f56bfc062723c751e8b465ee728b)  -> (artifact id: 'd403a858fc12cda60fdff032c0d7f87a') in 0.013674 seconds 
  Import took 0.016615 seconds .

========================================================================
Received Import Request.
  Time since last request: 103.473580 seconds.
  path: Assets/Art/Sprites/Environmnent/FloorGrassToBricksSquare.png
  artifactKey: Guid(ae39c96545143eb41b1618200a550c81) Importer(815301076,1909f56bfc062723c751e8b465ee728b)
Start importing Assets/Art/Sprites/Environmnent/FloorGrassToBricksSquare.png using Guid(ae39c96545143eb41b1618200a550c81) Importer(815301076,1909f56bfc062723c751e8b465ee728b)  -> (artifact id: 'c330f5fdb5dd2c2aed8c2cbe4530592c') in 0.016466 seconds 
  Import took 0.019932 seconds .

========================================================================
Received Import Request.
  Time since last request: 6.234808 seconds.
  path: Assets/Art/Sprites/Environmnent/FloorGrassToBricksSquare.asset
  artifactKey: Guid(bd6786f559ebc1549810cc3ff4b58d00) Importer(815301076,1909f56bfc062723c751e8b465ee728b)
Start importing Assets/Art/Sprites/Environmnent/FloorGrassToBricksSquare.asset using Guid(bd6786f559ebc1549810cc3ff4b58d00) Importer(815301076,1909f56bfc062723c751e8b465ee728b)  -> (artifact id: '417ca51bdfccec6f3178e7a520bc5c68') in 0.009730 seconds 
  Import took 0.014751 seconds .

========================================================================
Received Import Request.
  Time since last request: 111.830602 seconds.
  path: Assets/Art/Sprites/Environmnent/FloorGrassToBricksSquare.png
  artifactKey: Guid(ae39c96545143eb41b1618200a550c81) Importer(815301076,1909f56bfc062723c751e8b465ee728b)
Start importing Assets/Art/Sprites/Environmnent/FloorGrassToBricksSquare.png using Guid(ae39c96545143eb41b1618200a550c81) Importer(815301076,1909f56bfc062723c751e8b465ee728b)  -> (artifact id: 'a911e059264071d96f985df50c877a36') in 0.035548 seconds 
  Import took 0.039953 seconds .

========================================================================
Received Import Request.
  Time since last request: 14.832355 seconds.
  path: Assets/Art/Sprites/Environmnent/FloorGrassToBricksSquare.png
  artifactKey: Guid(ae39c96545143eb41b1618200a550c81) Importer(815301076,1909f56bfc062723c751e8b465ee728b)
Start importing Assets/Art/Sprites/Environmnent/FloorGrassToBricksSquare.png using Guid(ae39c96545143eb41b1618200a550c81) Importer(815301076,1909f56bfc062723c751e8b465ee728b)  -> (artifact id: '33c61336d1a97be5ccde421dba100a6d') in 0.043800 seconds 
  Import took 0.047016 seconds .

========================================================================
Received Import Request.
  Time since last request: 34.580579 seconds.
  path: Assets/Art/Sprites/Tiles/FirstTile.prefab
  artifactKey: Guid(9111111fd0a84944aafeaa98bdecb2ac) Importer(815301076,1909f56bfc062723c751e8b465ee728b)
Start importing Assets/Art/Sprites/Tiles/FirstTile.prefab using Guid(9111111fd0a84944aafeaa98bdecb2ac) Importer(815301076,1909f56bfc062723c751e8b465ee728b)  -> (artifact id: 'e419c6200439701e5b5d9a13ecab961f') in 0.010162 seconds 
  Import took 0.013573 seconds .

========================================================================
Received Import Request.
  Time since last request: 60.527947 seconds.
  path: Assets/Art/Sprites/Environmnent/FloorGrassToBricksSquare_0 1.asset
  artifactKey: Guid(32ee2cff5e7932d468700f9fb3a840c3) Importer(815301076,1909f56bfc062723c751e8b465ee728b)
Start importing Assets/Art/Sprites/Environmnent/FloorGrassToBricksSquare_0 1.asset using Guid(32ee2cff5e7932d468700f9fb3a840c3) Importer(815301076,1909f56bfc062723c751e8b465ee728b)  -> (artifact id: 'efe9ba2caf746c60c45e2ee1d2e4c4f1') in 0.010474 seconds 
  Import took 0.013959 seconds .

========================================================================
Received Import Request.
  Time since last request: 111.156080 seconds.
  path: Assets/Art/Sprites/Environmnent/FloorGrassToBricksSquare.png
  artifactKey: Guid(ae39c96545143eb41b1618200a550c81) Importer(815301076,1909f56bfc062723c751e8b465ee728b)
Start importing Assets/Art/Sprites/Environmnent/FloorGrassToBricksSquare.png using Guid(ae39c96545143eb41b1618200a550c81) Importer(815301076,1909f56bfc062723c751e8b465ee728b)  -> (artifact id: '832a62484c37d6f3359e757824d94fb3') in 0.032607 seconds 
  Import took 0.036549 seconds .

========================================================================
Received Import Request.
  Time since last request: 51.730938 seconds.
  path: Assets/Art/Sprites/Environmnent/FloorGrassToBricksSquare_4.asset
  artifactKey: Guid(4d2d839edf11e3940bd966951377de48) Importer(815301076,1909f56bfc062723c751e8b465ee728b)
Start importing Assets/Art/Sprites/Environmnent/FloorGrassToBricksSquare_4.asset using Guid(4d2d839edf11e3940bd966951377de48) Importer(815301076,1909f56bfc062723c751e8b465ee728b)  -> (artifact id: '7cf516b1575f697a7b0d5f869298cb6b') in 0.008696 seconds 
  Import took 0.012061 seconds .

========================================================================
Received Import Request.
  Time since last request: 67.749493 seconds.
  path: Assets/Art/Sprites/Environmnent/FloorGrassToBricksSquare.png
  artifactKey: Guid(ae39c96545143eb41b1618200a550c81) Importer(815301076,1909f56bfc062723c751e8b465ee728b)
Start importing Assets/Art/Sprites/Environmnent/FloorGrassToBricksSquare.png using Guid(ae39c96545143eb41b1618200a550c81) Importer(815301076,1909f56bfc062723c751e8b465ee728b)  -> (artifact id: '5c6667e3ec4f2f8f5df7469be195d7b4') in 0.043945 seconds 
  Import took 0.047350 seconds .

========================================================================
Received Import Request.
  Time since last request: 17.332058 seconds.
  path: Assets/Art/Sprites/Environmnent/FloorGrassToBricksSquare_5.asset
  artifactKey: Guid(1d37118e7e56f4b4c93084c738fee53a) Importer(815301076,1909f56bfc062723c751e8b465ee728b)
Start importing Assets/Art/Sprites/Environmnent/FloorGrassToBricksSquare_5.asset using Guid(1d37118e7e56f4b4c93084c738fee53a) Importer(815301076,1909f56bfc062723c751e8b465ee728b)  -> (artifact id: '73eaf69c490e8b13dc6749e22138e3e2') in 0.006737 seconds 
  Import took 0.010134 seconds .

========================================================================
Received Import Request.
  Time since last request: 6.088104 seconds.
  path: Assets/Art/Sprites/Environmnent/FloorGrassToBricksSquare_3.asset
  artifactKey: Guid(064598a958d55624e803e654ae0741d6) Importer(815301076,1909f56bfc062723c751e8b465ee728b)
Start importing Assets/Art/Sprites/Environmnent/FloorGrassToBricksSquare_3.asset using Guid(064598a958d55624e803e654ae0741d6) Importer(815301076,1909f56bfc062723c751e8b465ee728b)  -> (artifact id: '08e2aafd5d15954c97cac6c2d9b84a56') in 0.006067 seconds 
  Import took 0.010123 seconds .

========================================================================
Received Import Request.
  Time since last request: 5.375709 seconds.
  path: Assets/Art/Sprites/Environmnent/FloorGrassToBricksSquare_6.asset
  artifactKey: Guid(7a0420aca286c654881bda1f5f84b116) Importer(815301076,1909f56bfc062723c751e8b465ee728b)
Start importing Assets/Art/Sprites/Environmnent/FloorGrassToBricksSquare_6.asset using Guid(7a0420aca286c654881bda1f5f84b116) Importer(815301076,1909f56bfc062723c751e8b465ee728b)  -> (artifact id: '4f5d87a0375db0eb2c6da7980f68c583') in 0.008905 seconds 
  Import took 0.013218 seconds .

========================================================================
Received Import Request.
  Time since last request: 11.005804 seconds.
  path: Assets/Art/Sprites/Environmnent/FloorGrassToBricksSquare_8.asset
  artifactKey: Guid(fede957d1160cd446a792b55f25f016b) Importer(815301076,1909f56bfc062723c751e8b465ee728b)
Start importing Assets/Art/Sprites/Environmnent/FloorGrassToBricksSquare_8.asset using Guid(fede957d1160cd446a792b55f25f016b) Importer(815301076,1909f56bfc062723c751e8b465ee728b)  -> (artifact id: 'd3232b8e58c0568bbb6ca2c6f53e6ed1') in 0.007439 seconds 
  Import took 0.011266 seconds .

========================================================================
Received Import Request.
  Time since last request: 2.747422 seconds.
  path: Assets/Art/Sprites/Environmnent/FloorGrassToBricksSquare_7.asset
  artifactKey: Guid(8cf781506aad58b4ca2e3a544e9c42d2) Importer(815301076,1909f56bfc062723c751e8b465ee728b)
Start importing Assets/Art/Sprites/Environmnent/FloorGrassToBricksSquare_7.asset using Guid(8cf781506aad58b4ca2e3a544e9c42d2) Importer(815301076,1909f56bfc062723c751e8b465ee728b)  -> (artifact id: 'cf4dfb89a87fedc6e9785a63c370c66e') in 0.007014 seconds 
  Import took 0.010288 seconds .

========================================================================
Received Import Request.
  Time since last request: 13.367008 seconds.
  path: Assets/Art/Sprites/Environmnent/FloorBricksToGrassSquare.png
  artifactKey: Guid(2e6ecdf01ba70e3489b17b3f6525fec2) Importer(815301076,1909f56bfc062723c751e8b465ee728b)
Start importing Assets/Art/Sprites/Environmnent/FloorBricksToGrassSquare.png using Guid(2e6ecdf01ba70e3489b17b3f6525fec2) Importer(815301076,1909f56bfc062723c751e8b465ee728b)  -> (artifact id: 'e297550ceead6efdd9c72292c00d20c4') in 0.014891 seconds 
  Import took 0.018750 seconds .

========================================================================
Received Import Request.
  Time since last request: 11.892291 seconds.
  path: Assets/Art/Sprites/Environmnent/FloorBricksToGrassSquare.png
  artifactKey: Guid(2e6ecdf01ba70e3489b17b3f6525fec2) Importer(815301076,1909f56bfc062723c751e8b465ee728b)
Start importing Assets/Art/Sprites/Environmnent/FloorBricksToGrassSquare.png using Guid(2e6ecdf01ba70e3489b17b3f6525fec2) Importer(815301076,1909f56bfc062723c751e8b465ee728b)  -> (artifact id: 'ba746b4095f455a35363150bd843d395') in 0.014761 seconds 
  Import took 0.018055 seconds .

========================================================================
Received Import Request.
  Time since last request: 7.421821 seconds.
  path: Assets/Art/Sprites/Environmnent/FloorBricksToGrassSquare.png
  artifactKey: Guid(2e6ecdf01ba70e3489b17b3f6525fec2) Importer(815301076,1909f56bfc062723c751e8b465ee728b)
Start importing Assets/Art/Sprites/Environmnent/FloorBricksToGrassSquare.png using Guid(2e6ecdf01ba70e3489b17b3f6525fec2) Importer(815301076,1909f56bfc062723c751e8b465ee728b)  -> (artifact id: '0baab4ba41936b905872c53635b9a508') in 0.038362 seconds 
  Import took 0.041787 seconds .

========================================================================
Received Import Request.
  Time since last request: 29.830118 seconds.
  path: Assets/Art/Sprites/Environmnent/FloorBricksToGrassSquare.png
  artifactKey: Guid(2e6ecdf01ba70e3489b17b3f6525fec2) Importer(815301076,1909f56bfc062723c751e8b465ee728b)
Start importing Assets/Art/Sprites/Environmnent/FloorBricksToGrassSquare.png using Guid(2e6ecdf01ba70e3489b17b3f6525fec2) Importer(815301076,1909f56bfc062723c751e8b465ee728b)  -> (artifact id: 'e85d00a12192f3590f8bb2d0f9dbdd64') in 0.046335 seconds 
  Import took 0.049522 seconds .

========================================================================
Received Import Request.
  Time since last request: 31.027455 seconds.
  path: Assets/Art/Sprites/Environmnent/FloorBricksToGrassSquare_4.asset
  artifactKey: Guid(1afbc1e2db6f80b4ab43feec1b8a4dfe) Importer(815301076,1909f56bfc062723c751e8b465ee728b)
Start importing Assets/Art/Sprites/Environmnent/FloorBricksToGrassSquare_4.asset using Guid(1afbc1e2db6f80b4ab43feec1b8a4dfe) Importer(815301076,1909f56bfc062723c751e8b465ee728b)  -> (artifact id: 'dad29b92c6d978d5857cae054982d45a') in 0.009829 seconds 
  Import took 0.013258 seconds .

========================================================================
Received Import Request.
  Time since last request: 10.633808 seconds.
  path: Assets/Art/Sprites/Environmnent/FloorBricksToGrassSquare_5.asset
  artifactKey: Guid(d4c71634673410c4985a2367385f20cb) Importer(815301076,1909f56bfc062723c751e8b465ee728b)
Start importing Assets/Art/Sprites/Environmnent/FloorBricksToGrassSquare_5.asset using Guid(d4c71634673410c4985a2367385f20cb) Importer(815301076,1909f56bfc062723c751e8b465ee728b)  -> (artifact id: '0b758ad3b5d90e14ed24c89cf1284600') in 0.006526 seconds 
  Import took 0.010065 seconds .

========================================================================
Received Import Request.
  Time since last request: 4.317755 seconds.
  path: Assets/Art/Sprites/Environmnent/FloorBricksToGrassSquare_3.asset
  artifactKey: Guid(c967b81931ed2984597527d1a1f0fa67) Importer(815301076,1909f56bfc062723c751e8b465ee728b)
Start importing Assets/Art/Sprites/Environmnent/FloorBricksToGrassSquare_3.asset using Guid(c967b81931ed2984597527d1a1f0fa67) Importer(815301076,1909f56bfc062723c751e8b465ee728b)  -> (artifact id: 'c9a8a9d9f8e457d07acfcfabb3341199') in 0.008195 seconds 
  Import took 0.011102 seconds .

========================================================================
Received Import Request.
  Time since last request: 2.958936 seconds.
  path: Assets/Art/Sprites/Environmnent/FloorBricksToGrassSquare_1.asset
  artifactKey: Guid(cb46511de5bd2b8419e15643aa17823f) Importer(815301076,1909f56bfc062723c751e8b465ee728b)
Start importing Assets/Art/Sprites/Environmnent/FloorBricksToGrassSquare_1.asset using Guid(cb46511de5bd2b8419e15643aa17823f) Importer(815301076,1909f56bfc062723c751e8b465ee728b)  -> (artifact id: 'fd744ae0a8b8438044b84d56791e0788') in 0.009042 seconds 
  Import took 0.012308 seconds .

========================================================================
Received Import Request.
  Time since last request: 6.674582 seconds.
  path: Assets/Art/Sprites/Environmnent/FloorBricksToGrassSquare_7.asset
  artifactKey: Guid(5954231fc6b0a624fb5dcd22ce01da87) Importer(815301076,1909f56bfc062723c751e8b465ee728b)
Start importing Assets/Art/Sprites/Environmnent/FloorBricksToGrassSquare_7.asset using Guid(5954231fc6b0a624fb5dcd22ce01da87) Importer(815301076,1909f56bfc062723c751e8b465ee728b)  -> (artifact id: '239a7356c71a2dd3cd5994462681853b') in 0.007490 seconds 
  Import took 0.010644 seconds .

========================================================================
Received Import Request.
  Time since last request: 2.273533 seconds.
  path: Assets/Art/Sprites/Environmnent/FloorBricksToGrassSquare_0.asset
  artifactKey: Guid(11ea9cb14e27d174a82d6bb2e0b4c10e) Importer(815301076,1909f56bfc062723c751e8b465ee728b)
Start importing Assets/Art/Sprites/Environmnent/FloorBricksToGrassSquare_0.asset using Guid(11ea9cb14e27d174a82d6bb2e0b4c10e) Importer(815301076,1909f56bfc062723c751e8b465ee728b)  -> (artifact id: 'e2f3a009edd5921fdb4926444c6f4134') in 0.006765 seconds 
  Import took 0.010359 seconds .

========================================================================
Received Import Request.
  Time since last request: 1.924003 seconds.
  path: Assets/Art/Sprites/Environmnent/FloorBricksToGrassSquare_2.asset
  artifactKey: Guid(7518a18e6748a8e4594ad3663fdba2e4) Importer(815301076,1909f56bfc062723c751e8b465ee728b)
Start importing Assets/Art/Sprites/Environmnent/FloorBricksToGrassSquare_2.asset using Guid(7518a18e6748a8e4594ad3663fdba2e4) Importer(815301076,1909f56bfc062723c751e8b465ee728b)  -> (artifact id: 'eeedcd9c77c3cd9aefc5cf89f8916844') in 0.006504 seconds 
  Import took 0.010977 seconds .

========================================================================
Received Import Request.
  Time since last request: 2.042553 seconds.
  path: Assets/Art/Sprites/Environmnent/FloorBricksToGrassSquare_8.asset
  artifactKey: Guid(0edebba6f366acc43adc97952a182bab) Importer(815301076,1909f56bfc062723c751e8b465ee728b)
Start importing Assets/Art/Sprites/Environmnent/FloorBricksToGrassSquare_8.asset using Guid(0edebba6f366acc43adc97952a182bab) Importer(815301076,1909f56bfc062723c751e8b465ee728b)  -> (artifact id: 'dbf6f354c87ef0b2d5d4fbde6a04cdd0') in 0.009288 seconds 
  Import took 0.012691 seconds .

========================================================================
Received Import Request.
  Time since last request: 2.664140 seconds.
  path: Assets/Art/Sprites/Environmnent/FloorBricksToGrassSquare_6.asset
  artifactKey: Guid(90d69b32ce2ef5e408555eb10dc65bd7) Importer(815301076,1909f56bfc062723c751e8b465ee728b)
Start importing Assets/Art/Sprites/Environmnent/FloorBricksToGrassSquare_6.asset using Guid(90d69b32ce2ef5e408555eb10dc65bd7) Importer(815301076,1909f56bfc062723c751e8b465ee728b)  -> (artifact id: 'f9dbf6063b4e2141722bdf30a93b2f5c') in 0.007621 seconds 
  Import took 0.010816 seconds .

========================================================================
Received Import Request.
  Time since last request: 17.323322 seconds.
  path: Assets/Art/Sprites/Environmnent/FloorBricksToGrassCorner.png
  artifactKey: Guid(2ff4c9799e22f1b4c95766cc11f47530) Importer(815301076,1909f56bfc062723c751e8b465ee728b)
Start importing Assets/Art/Sprites/Environmnent/FloorBricksToGrassCorner.png using Guid(2ff4c9799e22f1b4c95766cc11f47530) Importer(815301076,1909f56bfc062723c751e8b465ee728b)  -> (artifact id: 'f9bf913b9e6466ba1b0882fb727ff83b') in 0.011110 seconds 
  Import took 0.014210 seconds .

========================================================================
Received Import Request.
  Time since last request: 5.150501 seconds.
  path: Assets/Art/Sprites/Environmnent/FloorBricksToGrassCorner.png
  artifactKey: Guid(2ff4c9799e22f1b4c95766cc11f47530) Importer(815301076,1909f56bfc062723c751e8b465ee728b)
Start importing Assets/Art/Sprites/Environmnent/FloorBricksToGrassCorner.png using Guid(2ff4c9799e22f1b4c95766cc11f47530) Importer(815301076,1909f56bfc062723c751e8b465ee728b)  -> (artifact id: '628b688ce379f857e160c09143e706e2') in 0.006637 seconds 
  Import took 0.009995 seconds .

========================================================================
Received Import Request.
  Time since last request: 8.434130 seconds.
  path: Assets/Art/Sprites/Environmnent/FloorBricksToGrassCorner.png
  artifactKey: Guid(2ff4c9799e22f1b4c95766cc11f47530) Importer(815301076,1909f56bfc062723c751e8b465ee728b)
Start importing Assets/Art/Sprites/Environmnent/FloorBricksToGrassCorner.png using Guid(2ff4c9799e22f1b4c95766cc11f47530) Importer(815301076,1909f56bfc062723c751e8b465ee728b)  -> (artifact id: 'd2c29b465c78682325c8d0a57c9c968e') in 0.044330 seconds 
  Import took 0.047865 seconds .

========================================================================
Received Import Request.
  Time since last request: 15.814930 seconds.
  path: Assets/Art/Sprites/Environmnent/FloorBricksToGrassCorner_2.asset
  artifactKey: Guid(219359df435eb7243bf80b5150bc18c6) Importer(815301076,1909f56bfc062723c751e8b465ee728b)
Start importing Assets/Art/Sprites/Environmnent/FloorBricksToGrassCorner_2.asset using Guid(219359df435eb7243bf80b5150bc18c6) Importer(815301076,1909f56bfc062723c751e8b465ee728b)  -> (artifact id: '329e9aa24331341ad87b2fbddd461d4c') in 0.006921 seconds 
  Import took 0.009945 seconds .

========================================================================
Received Import Request.
  Time since last request: 4.529625 seconds.
  path: Assets/Art/Sprites/Environmnent/FloorBricksToGrassCorner_3.asset
  artifactKey: Guid(345faa7f680f27e4da0212f762015036) Importer(815301076,1909f56bfc062723c751e8b465ee728b)
Start importing Assets/Art/Sprites/Environmnent/FloorBricksToGrassCorner_3.asset using Guid(345faa7f680f27e4da0212f762015036) Importer(815301076,1909f56bfc062723c751e8b465ee728b)  -> (artifact id: '5748eb8d207e7499c57f3dad7b6cf59a') in 0.006323 seconds 
  Import took 0.009575 seconds .

========================================================================
Received Import Request.
  Time since last request: 2.920891 seconds.
  path: Assets/Art/Sprites/Environmnent/FloorBricksToGrassCorner_4.asset
  artifactKey: Guid(a0def9e8b87730242bfff8b3cd3b109d) Importer(815301076,1909f56bfc062723c751e8b465ee728b)
Start importing Assets/Art/Sprites/Environmnent/FloorBricksToGrassCorner_4.asset using Guid(a0def9e8b87730242bfff8b3cd3b109d) Importer(815301076,1909f56bfc062723c751e8b465ee728b)  -> (artifact id: '9535f40b43ba623fd7256693b7a493e4') in 0.007535 seconds 
  Import took 0.010570 seconds .

========================================================================
Received Import Request.
  Time since last request: 3.141866 seconds.
  path: Assets/Art/Sprites/Environmnent/FloorBricksToGrassCorner_7.asset
  artifactKey: Guid(2f1925386c1024844a376938e4a7bd98) Importer(815301076,1909f56bfc062723c751e8b465ee728b)
Start importing Assets/Art/Sprites/Environmnent/FloorBricksToGrassCorner_7.asset using Guid(2f1925386c1024844a376938e4a7bd98) Importer(815301076,1909f56bfc062723c751e8b465ee728b)  -> (artifact id: 'f95ddf92cfa9deaa80200a3fb2dff7a5') in 0.006249 seconds 
  Import took 0.009338 seconds .

========================================================================
Received Import Request.
  Time since last request: 2.820038 seconds.
  path: Assets/Art/Sprites/Environmnent/FloorBricksToGrassCorner_6.asset
  artifactKey: Guid(8dfc6bd526979be41a63945807c84a50) Importer(815301076,1909f56bfc062723c751e8b465ee728b)
Start importing Assets/Art/Sprites/Environmnent/FloorBricksToGrassCorner_6.asset using Guid(8dfc6bd526979be41a63945807c84a50) Importer(815301076,1909f56bfc062723c751e8b465ee728b)  -> (artifact id: '744c3a9ad06f97270d50ab82057e9cdc') in 0.008164 seconds 
  Import took 0.011423 seconds .

========================================================================
Received Import Request.
  Time since last request: 426.962585 seconds.
  path: Assets/Art/Sprites/Environmnent/FloorBricksToGrassCorner.png
  artifactKey: Guid(2ff4c9799e22f1b4c95766cc11f47530) Importer(815301076,1909f56bfc062723c751e8b465ee728b)
Start importing Assets/Art/Sprites/Environmnent/FloorBricksToGrassCorner.png using Guid(2ff4c9799e22f1b4c95766cc11f47530) Importer(815301076,1909f56bfc062723c751e8b465ee728b)  -> (artifact id: '849c9ce1b4d91ffc6b2d1b3c65cd3e37') in 0.047010 seconds 
  Import took 0.051682 seconds .

========================================================================
Received Import Request.
  Time since last request: 226.133606 seconds.
  path: Assets/Art/Sprites/Environmnent/FloorBricksToGrassCorner.png
  artifactKey: Guid(2ff4c9799e22f1b4c95766cc11f47530) Importer(815301076,1909f56bfc062723c751e8b465ee728b)
Start importing Assets/Art/Sprites/Environmnent/FloorBricksToGrassCorner.png using Guid(2ff4c9799e22f1b4c95766cc11f47530) Importer(815301076,1909f56bfc062723c751e8b465ee728b)  -> (artifact id: 'a5f8e0de3fd199cd43f896bb4a4ab27e') in 0.036744 seconds 
  Import took 0.040449 seconds .

========================================================================
Received Import Request.
  Time since last request: 78.315165 seconds.
  path: Assets/Art/Sprites/Environmnent/FloorBricksToGrassCorner_0.asset
  artifactKey: Guid(10f0d3116573d6d49ac63ddab1b796e4) Importer(815301076,1909f56bfc062723c751e8b465ee728b)
Start importing Assets/Art/Sprites/Environmnent/FloorBricksToGrassCorner_0.asset using Guid(10f0d3116573d6d49ac63ddab1b796e4) Importer(815301076,1909f56bfc062723c751e8b465ee728b)  -> (artifact id: '5888efd28bff30b5521ee835d8d2125d') in 0.006833 seconds 
  Import took 0.010181 seconds .

========================================================================
Received Import Request.
  Time since last request: 3.920533 seconds.
  path: Assets/Art/Sprites/Environmnent/FloorBricksToGrassCorner_1.asset
  artifactKey: Guid(31c6d94b250ec964cb95beca5da90a1e) Importer(815301076,1909f56bfc062723c751e8b465ee728b)
Start importing Assets/Art/Sprites/Environmnent/FloorBricksToGrassCorner_1.asset using Guid(31c6d94b250ec964cb95beca5da90a1e) Importer(815301076,1909f56bfc062723c751e8b465ee728b)  -> (artifact id: '92216cf6769af3eda908d6ce63be1953') in 0.006556 seconds 
  Import took 0.009554 seconds .

========================================================================
Received Import Request.
  Time since last request: 4.321040 seconds.
  path: Assets/Art/Sprites/Environmnent/FloorBricksToGrassCorner_8.asset
  artifactKey: Guid(ce9f1a462c503bd44882593e1b0a88e6) Importer(815301076,1909f56bfc062723c751e8b465ee728b)
Start importing Assets/Art/Sprites/Environmnent/FloorBricksToGrassCorner_8.asset using Guid(ce9f1a462c503bd44882593e1b0a88e6) Importer(815301076,1909f56bfc062723c751e8b465ee728b)  -> (artifact id: 'bade71eb12c5b8999b2d56499c895703') in 0.006793 seconds 
  Import took 0.012657 seconds .

========================================================================
Received Import Request.
  Time since last request: 414.627457 seconds.
  path: Assets/Art/Sprites/Environmnent/FloorGrassToBricksSquare_0 1.asset
  artifactKey: Guid(32ee2cff5e7932d468700f9fb3a840c3) Importer(815301076,1909f56bfc062723c751e8b465ee728b)
Start importing Assets/Art/Sprites/Environmnent/FloorGrassToBricksSquare_0 1.asset using Guid(32ee2cff5e7932d468700f9fb3a840c3) Importer(815301076,1909f56bfc062723c751e8b465ee728b)  -> (artifact id: '6047047415c4415c32dd8c5e1e641dd6') in 0.007001 seconds 
  Import took 0.011326 seconds .

========================================================================
Received Import Request.
  Time since last request: 297.406218 seconds.
  path: Assets/Art/Sprites/Environmnent/FloorBricksToGrassCorner.png
  artifactKey: Guid(2ff4c9799e22f1b4c95766cc11f47530) Importer(815301076,1909f56bfc062723c751e8b465ee728b)
Start importing Assets/Art/Sprites/Environmnent/FloorBricksToGrassCorner.png using Guid(2ff4c9799e22f1b4c95766cc11f47530) Importer(815301076,1909f56bfc062723c751e8b465ee728b)  -> (artifact id: 'fb0e7265ab268f56059952a85298fce8') in 0.034750 seconds 
  Import took 0.039060 seconds .

========================================================================
Received Import Request.
  Time since last request: 5.485890 seconds.
  path: Assets/Art/Sprites/Environmnent/FloorBricksToGrassCorner.png
  artifactKey: Guid(2ff4c9799e22f1b4c95766cc11f47530) Importer(815301076,1909f56bfc062723c751e8b465ee728b)
Start importing Assets/Art/Sprites/Environmnent/FloorBricksToGrassCorner.png using Guid(2ff4c9799e22f1b4c95766cc11f47530) Importer(815301076,1909f56bfc062723c751e8b465ee728b)  -> (artifact id: '05a1fb118f19b5824a4c947a8d8c17c7') in 0.029059 seconds 
  Import took 0.032415 seconds .

AssetImportWorkerClient::OnTransportError - code=2 error=End of file
